<?xml version="1.0" encoding="UTF-8"?>
<!-- Generated by org.testng.reporters.JUnitReportReporter -->
<testsuite hostname="TestingWorld-PC" name="testing.Case1" tests="1" failures="0" timestamp="9 Jul 2016 08:57:47 GMT" time="12.655" errors="0">
  <testcase name="tcase1" time="12.655" classname="testing.Case1"/>
</testsuite> <!-- testing.Case1 -->
